Started GET "/projects/1" for 127.0.0.1 at 2020-10-01 12:52:09 +0200
  [1m[35m (0.3ms)[0m  [1m[34mSELECT "schema_migrations"."version" FROM "schema_migrations" ORDER BY "schema_migrations"."version" ASC[0m
  ↳ /Users/walid.daboubi/.rvm/gems/ruby-2.5.1/gems/activerecord-5.2.4.2/lib/active_record/log_subscriber.rb:98
Processing by ProjectsController#show as HTML
  Parameters: {"id"=>"1"}
Completed 401 Unauthorized in 10ms (ActiveRecord: 0.0ms)


Started GET "/users/sign_in" for 127.0.0.1 at 2020-10-01 12:52:09 +0200
Processing by Devise::SessionsController#new as HTML
  Rendering devise/sessions/new.html.erb within layouts/application
  Rendered devise/shared/_links.html.erb (1.0ms)
  Rendered devise/sessions/new.html.erb within layouts/application (32.0ms)
Completed 200 OK in 1175ms (Views: 1164.9ms | ActiveRecord: 0.5ms)


Started POST "/users/sign_in" for 127.0.0.1 at 2020-10-01 12:52:14 +0200
Processing by Devise::SessionsController#create as HTML
  Parameters: {"utf8"=>"✓", "authenticity_token"=>"+RD0Eq8hPB2S7uyZ49YxxV24or21ESdsvXrj+c0Gx5K//cZ1ppNQhmNQ0kj+ROHW9aBH+O1QTp4HSj7tEPEn6A==", "user"=>{"email"=>"walid.daboubi@gmail.com", "password"=>"[FILTERED]", "remember_me"=>"0"}, "commit"=>"Log in"}
  [1m[36mUser Load (0.4ms)[0m  [1m[34mSELECT  "users".* FROM "users" WHERE "users"."email" = ? ORDER BY "users"."id" ASC LIMIT ?[0m  [["email", "walid.daboubi@gmail.com"], ["LIMIT", 1]]
  ↳ /Users/walid.daboubi/.rvm/gems/ruby-2.5.1/gems/activerecord-5.2.4.2/lib/active_record/log_subscriber.rb:98
Redirected to http://0.0.0.0:3000/projects/1
Completed 302 Found in 139ms (ActiveRecord: 0.4ms)


Started GET "/projects/1" for 127.0.0.1 at 2020-10-01 12:52:14 +0200
Processing by ProjectsController#show as HTML
  Parameters: {"id"=>"1"}
  [1m[36mUser Load (0.2ms)[0m  [1m[34mSELECT  "users".* FROM "users" WHERE "users"."id" = ? ORDER BY "users"."id" ASC LIMIT ?[0m  [["id", 1], ["LIMIT", 1]]
  ↳ /Users/walid.daboubi/.rvm/gems/ruby-2.5.1/gems/activerecord-5.2.4.2/lib/active_record/log_subscriber.rb:98
  [1m[36mProject Load (0.2ms)[0m  [1m[34mSELECT  "projects".* FROM "projects" WHERE "projects"."id" = ? LIMIT ?[0m  [["id", 1], ["LIMIT", 1]]
  ↳ app/controllers/projects_controller.rb:205
  [1m[36mTask Load (0.2ms)[0m  [1m[34mSELECT "tasks".* FROM "tasks" WHERE "tasks"."project_id" = ?[0m  [["project_id", 1]]
  ↳ app/controllers/projects_controller.rb:109
  Rendering projects/show.html.erb within layouts/application
  Rendered projects/_navigation.html.erb (0.6ms)
  [1m[35m (0.2ms)[0m  [1m[34mSELECT COUNT(*) FROM "tasks" WHERE "tasks"."project_id" = ?[0m  [["project_id", 1]]
  ↳ app/views/projects/show.html.erb:27
  Rendered projects/show.html.erb within layouts/application (16.1ms)
Completed 200 OK in 763ms (Views: 60.4ms | ActiveRecord: 6.5ms)


